\BOOKMARK [0][-]{chapter.1}{Premi\350re utilisation du terminal}{}% 1
\BOOKMARK [1][-]{section.1.1}{Compilation du programme}{chapter.1}% 2
\BOOKMARK [1][-]{section.1.2}{Mise en place des variables}{chapter.1}% 3
\BOOKMARK [1][-]{section.1.3}{D\351marrage du programme}{chapter.1}% 4
\BOOKMARK [0][-]{chapter.2}{Commandes li\351es au terminal}{}% 5
\BOOKMARK [1][-]{section.2.1}{Se d\351placer dans les dossiers \(cd\)}{chapter.2}% 6
\BOOKMARK [1][-]{section.2.2}{Effacer le r\351sultats des pr\351c\351dentes commandes \(clear\)}{chapter.2}% 7
\BOOKMARK [1][-]{section.2.3}{Quitter le terminal \(exit\)}{chapter.2}% 8
\BOOKMARK [1][-]{section.2.4}{Se connecter \340 un serveur distant \(connect\)}{chapter.2}% 9
\BOOKMARK [0][-]{chapter.3}{Le langage du terminal}{}% 10
\BOOKMARK [1][-]{section.3.1}{Priorit\351s}{chapter.3}% 11
\BOOKMARK [1][-]{section.3.2}{Les redirection}{chapter.3}% 12
\BOOKMARK [1][-]{section.3.3}{La pipe}{chapter.3}% 13
\BOOKMARK [1][-]{section.3.4}{Les op\351rateurs logiques}{chapter.3}% 14
\BOOKMARK [1][-]{section.3.5}{Les taches de fonds}{chapter.3}% 15
\BOOKMARK [0][-]{chapter.4}{Les diff\351rentes commandes}{}% 16
\BOOKMARK [1][-]{section.4.1}{Afficher le contenu d'un dossier \(myls\)}{chapter.4}% 17
\BOOKMARK [1][-]{section.4.2}{Copier les fichiers \(mycp\)}{chapter.4}% 18
\BOOKMARK [1][-]{section.4.3}{Bouger les fichiers \(mymv\)}{chapter.4}% 19
\BOOKMARK [1][-]{section.4.4}{Cr\351er des dossiers \(mymkdir\)}{chapter.4}% 20
\BOOKMARK [1][-]{section.4.5}{Afficher le r\351pertoire courant \(mypwd\)}{chapter.4}% 21
\BOOKMARK [1][-]{section.4.6}{Afficher \(mydu\)}{chapter.4}% 22
\BOOKMARK [0][-]{chapter.5}{Analyse du code}{}% 23
\BOOKMARK [1][-]{section.5.1}{Cppchecker}{chapter.5}% 24
\BOOKMARK [1][-]{section.5.2}{Valgrind}{chapter.5}% 25
\BOOKMARK [0][-]{chapter.6}{Compte-rendus personnels}{}% 26
\BOOKMARK [1][-]{section.6.1}{Anthony GRIFFON}{chapter.6}% 27
\BOOKMARK [1][-]{section.6.2}{Eliot CHAUVINEAU}{chapter.6}% 28
\BOOKMARK [1][-]{section.6.3}{Meriem EL QSIMI}{chapter.6}% 29
\BOOKMARK [1][-]{section.6.4}{Axel JUGUET}{chapter.6}% 30
\BOOKMARK [0][-]{section*.19}{Bibliographie}{}% 31
